<?xml version="1.0" encoding="UTF-8"?>
<testng-results ignored="0" total="3" passed="3" failed="0" skipped="0">
  <reporter-output>
  </reporter-output>
  <suite started-at="2025-09-12T14:54:06 IST" name="Default suite" finished-at="2025-09-12T14:54:36 IST" duration-ms="30465">
    <groups>
    </groups>
    <test started-at="2025-09-12T14:54:06 IST" name="Default test" finished-at="2025-09-12T14:54:36 IST" duration-ms="30465">
      <class name="TestNGZwagLabs01.NewTest">
        <test-method is-config="true" signature="beforeTest()[pri:0, instance:TestNGZwagLabs01.NewTest@3857f613]" started-at="2025-09-12T14:54:06 IST" name="beforeTest" finished-at="2025-09-12T14:54:12 IST" duration-ms="5954" status="PASS">
          <reporter-output>
          </reporter-output>
        </test-method> <!-- beforeTest -->
        <test-method signature="f()[pri:1, instance:TestNGZwagLabs01.NewTest@3857f613]" started-at="2025-09-12T14:54:12 IST" name="f" finished-at="2025-09-12T14:54:19 IST" duration-ms="6581" status="PASS">
          <reporter-output>
          </reporter-output>
        </test-method> <!-- f -->
        <test-method signature="cart()[pri:2, instance:TestNGZwagLabs01.NewTest@3857f613]" started-at="2025-09-12T14:54:19 IST" name="cart" finished-at="2025-09-12T14:54:25 IST" duration-ms="6368" status="PASS">
          <reporter-output>
          </reporter-output>
        </test-method> <!-- cart -->
        <test-method signature="checkOut()[pri:3, instance:TestNGZwagLabs01.NewTest@3857f613]" started-at="2025-09-12T14:54:25 IST" name="checkOut" finished-at="2025-09-12T14:54:36 IST" duration-ms="10945" status="PASS">
          <reporter-output>
          </reporter-output>
        </test-method> <!-- checkOut -->
        <test-method is-config="true" signature="afterTest()[pri:0, instance:TestNGZwagLabs01.NewTest@3857f613]" started-at="2025-09-12T14:54:36 IST" name="afterTest" finished-at="2025-09-12T14:54:36 IST" duration-ms="522" status="PASS">
          <reporter-output>
          </reporter-output>
        </test-method> <!-- afterTest -->
      </class> <!-- TestNGZwagLabs01.NewTest -->
    </test> <!-- Default test -->
  </suite> <!-- Default suite -->
</testng-results>
