<?xml version="1.0" encoding="UTF-8"?>
<!-- Generated by org.testng.reporters.JUnitXMLReporter -->
<testsuite ignored="0" hostname="PC1" failures="0" tests="3" name="Default test" time="30.465" errors="0" timestamp="2025-09-12T14:54:36 IST">
  <testcase classname="TestNGZwagLabs01.NewTest" name="f" time="6.581"/>
  <testcase classname="TestNGZwagLabs01.NewTest" name="cart" time="6.368"/>
  <testcase classname="TestNGZwagLabs01.NewTest" name="checkOut" time="10.945"/>
</testsuite> <!-- Default test -->
